{"numFailedTestSuites":0,"numFailedTests":0,"numPassedTestSuites":37,"numPassedTests":271,"numPendingTestSuites":0,"numPendingTests":0,"numRuntimeErrorTestSuites":0,"numTodoTests":0,"numTotalTestSuites":37,"numTotalTests":271,"openHandles":[],"snapshot":{"added":0,"didUpdate":false,"failure":false,"filesAdded":0,"filesRemoved":0,"filesRemovedList":[],"filesUnmatched":0,"filesUpdated":0,"matched":1,"total":1,"unchecked":0,"uncheckedKeysByFile":[],"unmatched":0,"updated":0},"startTime":1777741030428,"success":true,"testResults":[{"assertionResults":[{"ancestorTitles":["Launchpad — vehicles_launched resolver"],"duration":9,"failureDetails":[],"failureMessages":[],"fullName":"Launchpad — vehicles_launched resolver returns null when vehicles_launched is absent","invocations":1,"location":null,"numPassingAsserts":2,"retryReasons":[],"status":"passed","title":"returns null when vehicles_launched is absent"},{"ancestorTitles":["Launchpad — vehicles_launched resolver"],"duration":4,"failureDetails":[],"failureMessages":[],"fullName":"Launchpad — vehicles_launched resolver returns rocket for each name when queryRocket finds a result","invocations":1,"location":null,"numPassingAsserts":3,"retryReasons":[],"status":"passed","title":"returns rocket for each name when queryRocket finds a result"},{"ancestorTitles":["Launchpad — vehicles_launched resolver"],"duration":1,"failureDetails":[],"failureMessages":[],"fullName":"Launchpad — vehicles_launched resolver returns null entry when queryRocket reports totalCount 0","invocations":1,"location":null,"numPassingAsserts":2,"retryReasons":[],"status":"passed","title":"returns null entry when queryRocket reports totalCount 0"},{"ancestorTitles":["Launchpad — vehicles_launched resolver"],"duration":3,"failureDetails":[],"failureMessages":[],"fullName":"Launchpad — vehicles_launched resolver returns null entry when queryRocket returns null","invocations":1,"location":null,"numPassingAsserts":2,"retryReasons":[],"status":"passed","title":"returns null entry when queryRocket returns null"}],"endTime":1777741033789,"message":"","name":"/Users/zory/spacex/tests/unit/resolvers/launchpad.resolver.test.ts","startTime":1777741030737,"status":"passed","summary":""},{"assertionResults":[{"ancestorTitles":["replayFailure"],"duration":89,"failureDetails":[],"failureMessages":[],"fullName":"replayFailure returns null when a previously failing query now executes cleanly","invocations":1,"location":null,"numPassingAsserts":1,"retryReasons":[],"status":"passed","title":"returns null when a previously failing query now executes cleanly"},{"ancestorTitles":["replayFailure"],"duration":50,"failureDetails":[],"failureMessages":[],"fullName":"replayFailure returns EXECUTION_ERROR when the replayed query still produces errors","invocations":1,"location":null,"numPassingAsserts":1,"retryReasons":[],"status":"passed","title":"returns EXECUTION_ERROR when the replayed query still produces errors"},{"ancestorTitles":["replayFailure"],"duration":42,"failureDetails":[],"failureMessages":[],"fullName":"replayFailure returns the anomaly string, not throws, when execution errors occur","invocations":1,"location":null,"numPassingAsserts":1,"retryReasons":[],"status":"passed","title":"returns the anomaly string, not throws, when execution errors occur"}],"endTime":1777741033826,"message":"","name":"/Users/zory/spacex/tests/unit/qa/replay-failure.test.ts","startTime":1777741030764,"status":"passed","summary":""},{"assertionResults":[{"ancestorTitles":["Cache-Control headers"],"duration":84,"failureDetails":[],"failureMessages":[],"fullName":"Cache-Control headers sets Cache-Control: max-age=86400 on a successful query response","invocations":1,"location":null,"numPassingAsserts":2,"retryReasons":[],"status":"passed","title":"sets Cache-Control: max-age=86400 on a successful query response"},{"ancestorTitles":["Cache-Control headers"],"duration":23,"failureDetails":[],"failureMessages":[],"fullName":"Cache-Control headers does not set a permissive cache header on an error response","invocations":1,"location":null,"numPassingAsserts":1,"retryReasons":[],"status":"passed","title":"does not set a permissive cache header on an error response"}],"endTime":1777741033853,"message":"","name":"/Users/zory/spacex/tests/integration/caching.test.ts","startTime":1777741030742,"status":"passed","summary":""},{"assertionResults":[{"ancestorTitles":["Deprecated fields — regression guard"],"duration":74,"failureDetails":[],"failureMessages":[],"fullName":"Deprecated fields — regression guard Capsule.dragon returns without throwing (field is deprecated, upstream returns null)","invocations":1,"location":null,"numPassingAsserts":3,"retryReasons":[],"status":"passed","title":"Capsule.dragon returns without throwing (field is deprecated, upstream returns null)"},{"ancestorTitles":["Deprecated fields — regression guard"],"duration":1,"failureDetails":[],"failureMessages":[],"fullName":"Deprecated fields — regression guard Query.missions is @deprecated but returns an array without errors","invocations":1,"location":null,"numPassingAsserts":2,"retryReasons":[],"status":"passed","title":"Query.missions is @deprecated but returns an array without errors"},{"ancestorTitles":["Deprecated fields — regression guard"],"duration":1,"failureDetails":[],"failureMessages":[],"fullName":"Deprecated fields — regression guard Query.mission is @deprecated but resolves a single item without errors","invocations":1,"location":null,"numPassingAsserts":2,"retryReasons":[],"status":"passed","title":"Query.mission is @deprecated but resolves a single item without errors"},{"ancestorTitles":["Deprecated fields — regression guard"],"duration":1,"failureDetails":[],"failureMessages":[],"fullName":"Deprecated fields — regression guard deprecated fields appear in schema introspection with a deprecation reason","invocations":1,"location":null,"numPassingAsserts":3,"retryReasons":[],"status":"passed","title":"deprecated fields appear in schema introspection with a deprecation reason"}],"endTime":1777741033857,"message":"","name":"/Users/zory/spacex/tests/integration/deprecated.test.ts","startTime":1777741030757,"status":"passed","summary":""},{"assertionResults":[{"ancestorTitles":["Ships — find branch and shipsResult resolver"],"duration":18,"failureDetails":[],"failureMessages":[],"fullName":"Ships — find branch and shipsResult resolver ships calls queryShips when find filter is provided","invocations":1,"location":null,"numPassingAsserts":4,"retryReasons":[],"status":"passed","title":"ships calls queryShips when find filter is provided"},{"ancestorTitles":["Ships — find branch and shipsResult resolver"],"duration":3,"failureDetails":[],"failureMessages":[],"fullName":"Ships — find branch and shipsResult resolver ships calls getShips when no find filter is provided","invocations":1,"location":null,"numPassingAsserts":3,"retryReasons":[],"status":"passed","title":"ships calls getShips when no find filter is provided"},{"ancestorTitles":["Ships — find branch and shipsResult resolver"],"duration":2,"failureDetails":[],"failureMessages":[],"fullName":"Ships — find branch and shipsResult resolver shipsResult returns data array and totalCount","invocations":1,"location":null,"numPassingAsserts":3,"retryReasons":[],"status":"passed","title":"shipsResult returns data array and totalCount"},{"ancestorTitles":["Ships — find branch and shipsResult resolver"],"duration":1,"failureDetails":[],"failureMessages":[],"fullName":"Ships — find branch and shipsResult resolver shipsResult handles null queryShips response","invocations":1,"location":null,"numPassingAsserts":2,"retryReasons":[],"status":"passed","title":"shipsResult handles null queryShips response"}],"endTime":1777741033866,"message":"","name":"/Users/zory/spacex/tests/unit/resolvers/ships.resolver.test.ts","startTime":1777741030765,"status":"passed","summary":""},{"assertionResults":[{"ancestorTitles":["History — historiesResult resolver"],"duration":21,"failureDetails":[],"failureMessages":[],"fullName":"History — historiesResult resolver returns totalCount 0 when queryHistoryEvent returns null","invocations":1,"location":null,"numPassingAsserts":2,"retryReasons":[],"status":"passed","title":"returns totalCount 0 when queryHistoryEvent returns null"},{"ancestorTitles":["History — historiesResult resolver"],"duration":6,"failureDetails":[],"failureMessages":[],"fullName":"History — historiesResult resolver returns data and totalCount when queryHistoryEvent returns results","invocations":1,"location":null,"numPassingAsserts":1,"retryReasons":[],"status":"passed","title":"returns data and totalCount when queryHistoryEvent returns results"},{"ancestorTitles":["History.flight resolver"],"duration":2,"failureDetails":[],"failureMessages":[],"fullName":"History.flight resolver returns the first launch when queryNextLaunch returns results","invocations":1,"location":null,"numPassingAsserts":2,"retryReasons":[],"status":"passed","title":"returns the first launch when queryNextLaunch returns results"},{"ancestorTitles":["History.flight resolver"],"duration":6,"failureDetails":[],"failureMessages":[],"fullName":"History.flight resolver returns null when queryNextLaunch returns empty array","invocations":1,"location":null,"numPassingAsserts":2,"retryReasons":[],"status":"passed","title":"returns null when queryNextLaunch returns empty array"},{"ancestorTitles":["History.flight resolver"],"duration":6,"failureDetails":[],"failureMessages":[],"fullName":"History.flight resolver returns null when queryNextLaunch returns null","invocations":1,"location":null,"numPassingAsserts":2,"retryReasons":[],"status":"passed","title":"returns null when queryNextLaunch returns null"}],"endTime":1777741033896,"message":"","name":"/Users/zory/spacex/tests/unit/resolvers/history.resolver.test.ts","startTime":1777741030751,"status":"passed","summary":""},{"assertionResults":[{"ancestorTitles":["Launches — Query Resolvers"],"duration":30,"failureDetails":[],"failureMessages":[],"fullName":"Launches — Query Resolvers launches returns a paginated list","invocations":1,"location":null,"numPassingAsserts":1,"retryReasons":[],"status":"passed","title":"launches returns a paginated list"},{"ancestorTitles":["Launches — Query Resolvers"],"duration":1,"failureDetails":[],"failureMessages":[],"fullName":"Launches — Query Resolvers launchesPast delegates to getPastLaunches","invocations":1,"location":null,"numPassingAsserts":2,"retryReasons":[],"status":"passed","title":"launchesPast delegates to getPastLaunches"},{"ancestorTitles":["Launches — Query Resolvers"],"duration":2,"failureDetails":[],"failureMessages":[],"fullName":"Launches — Query Resolvers launch by id delegates to getLaunch","invocations":1,"location":null,"numPassingAsserts":2,"retryReasons":[],"status":"passed","title":"launch by id delegates to getLaunch"},{"ancestorTitles":["Launches — Query Resolvers"],"duration":0,"failureDetails":[],"failureMessages":[],"fullName":"Launches — Query Resolvers launch returns null when id is not found","invocations":1,"location":null,"numPassingAsserts":1,"retryReasons":[],"status":"passed","title":"launch returns null when id is not found"},{"ancestorTitles":["Launches — Query Resolvers"],"duration":1,"failureDetails":[],"failureMessages":[],"fullName":"Launches — Query Resolvers launchLatest delegates to getLatestLaunch","invocations":1,"location":null,"numPassingAsserts":2,"retryReasons":[],"status":"passed","title":"launchLatest delegates to getLatestLaunch"},{"ancestorTitles":["Launches — Query Resolvers"],"duration":1,"failureDetails":[],"failureMessages":[],"fullName":"Launches — Query Resolvers accepts a variable for the launch id and coerces it correctly","invocations":1,"location":null,"numPassingAsserts":3,"retryReasons":[],"status":"passed","title":"accepts a variable for the launch id and coerces it correctly"},{"ancestorTitles":["Launches — Query Resolvers"],"duration":14,"failureDetails":[],"failureMessages":[],"fullName":"Launches — Query Resolvers returns a variable coercion error when a required variable is omitted","invocations":1,"location":null,"numPassingAsserts":3,"retryReasons":[],"status":"passed","title":"returns a variable coercion error when a required variable is omitted"},{"ancestorTitles":["Launches — Query Resolvers"],"duration":2,"failureDetails":[],"failureMessages":[],"fullName":"Launches — Query Resolvers accepts a nullable variable and applies it as pagination limit","invocations":1,"location":null,"numPassingAsserts":2,"retryReasons":[],"status":"passed","title":"accepts a nullable variable and applies it as pagination limit"},{"ancestorTitles":["Launches — Field Resolver Mappings (REST v4 → GraphQL)"],"duration":1,"failureDetails":[],"failureMessages":[],"fullName":"Launches — Field Resolver Mappings (REST v4 → GraphQL) maps REST name → mission_name","invocations":1,"location":null,"numPassingAsserts":1,"retryReasons":[],"status":"passed","title":"maps REST name → mission_name"},{"ancestorTitles":["Launches — Field Resolver Mappings (REST v4 → GraphQL)"],"duration":1,"failureDetails":[],"failureMessages":[],"fullName":"Launches — Field Resolver Mappings (REST v4 → GraphQL) maps REST date_utc → launch_date_utc","invocations":1,"location":null,"numPassingAsserts":1,"retryReasons":[],"status":"passed","title":"maps REST date_utc → launch_date_utc"},{"ancestorTitles":["Launches — Field Resolver Mappings (REST v4 → GraphQL)"],"duration":0,"failureDetails":[],"failureMessages":[],"fullName":"Launches — Field Resolver Mappings (REST v4 → GraphQL) maps REST date_unix → launch_date_unix","invocations":1,"location":null,"numPassingAsserts":1,"retryReasons":[],"status":"passed","title":"maps REST date_unix → launch_date_unix"},{"ancestorTitles":["Launches — Field Resolver Mappings (REST v4 → GraphQL)"],"duration":1,"failureDetails":[],"failureMessages":[],"fullName":"Launches — Field Resolver Mappings (REST v4 → GraphQL) derives launch_year from date_local","invocations":1,"location":null,"numPassingAsserts":1,"retryReasons":[],"status":"passed","title":"derives launch_year from date_local"},{"ancestorTitles":["Launches — Field Resolver Mappings (REST v4 → GraphQL)"],"duration":1,"failureDetails":[],"failureMessages":[],"fullName":"Launches — Field Resolver Mappings (REST v4 → GraphQL) maps links fields from REST shape","invocations":1,"location":null,"numPassingAsserts":4,"retryReasons":[],"status":"passed","title":"maps links fields from REST shape"},{"ancestorTitles":["Launches — Field Resolver Mappings (REST v4 → GraphQL)"],"duration":2,"failureDetails":[],"failureMessages":[],"fullName":"Launches — Field Resolver Mappings (REST v4 → GraphQL) returns null links when launch has no links","invocations":1,"location":null,"numPassingAsserts":1,"retryReasons":[],"status":"passed","title":"returns null links when launch has no links"},{"ancestorTitles":["Launches — launchesPastResult resolver"],"duration":2,"failureDetails":[],"failureMessages":[],"fullName":"Launches — launchesPastResult resolver returns data and totalCount when queryNextLaunch returns results","invocations":1,"location":null,"numPassingAsserts":2,"retryReasons":[],"status":"passed","title":"returns data and totalCount when queryNextLaunch returns results"},{"ancestorTitles":["Launches — launchesPastResult resolver"],"duration":0,"failureDetails":[],"failureMessages":[],"fullName":"Launches — launchesPastResult resolver returns totalCount 0 when queryNextLaunch returns null","invocations":1,"location":null,"numPassingAsserts":2,"retryReasons":[],"status":"passed","title":"returns totalCount 0 when queryNextLaunch returns null"},{"ancestorTitles":["Launch — LaunchRocketFirstStageCore.core resolver"],"duration":1,"failureDetails":[],"failureMessages":[],"fullName":"Launch — LaunchRocketFirstStageCore.core resolver fetches core by serial from parent","invocations":1,"location":null,"numPassingAsserts":2,"retryReasons":[],"status":"passed","title":"fetches core by serial from parent"},{"ancestorTitles":["Launch — field resolvers (branch coverage)"],"duration":1,"failureDetails":[],"failureMessages":[],"fullName":"Launch — field resolvers (branch coverage) maps launch_date_local from REST date_local","invocations":1,"location":null,"numPassingAsserts":1,"retryReasons":[],"status":"passed","title":"maps launch_date_local from REST date_local"},{"ancestorTitles":["Launch — field resolvers (branch coverage)"],"duration":0,"failureDetails":[],"failureMessages":[],"fullName":"Launch — field resolvers (branch coverage) maps launch_success from REST launch_success","invocations":1,"location":null,"numPassingAsserts":1,"retryReasons":[],"status":"passed","title":"maps launch_success from REST launch_success"},{"ancestorTitles":["Launch — field resolvers (branch coverage)"],"duration":1,"failureDetails":[],"failureMessages":[],"fullName":"Launch — field resolvers (branch coverage) maps mission_id as array containing id","invocations":1,"location":null,"numPassingAsserts":1,"retryReasons":[],"status":"passed","title":"maps mission_id as array containing id"},{"ancestorTitles":["Launch — field resolvers (branch coverage)"],"duration":0,"failureDetails":[],"failureMessages":[],"fullName":"Launch — field resolvers (branch coverage) returns null telemetry when not present","invocations":1,"location":null,"numPassingAsserts":1,"retryReasons":[],"status":"passed","title":"returns null telemetry when not present"},{"ancestorTitles":["Launch — field resolvers (branch coverage)"],"duration":1,"failureDetails":[],"failureMessages":[],"fullName":"Launch — field resolvers (branch coverage) returns upcoming flag from REST payload","invocations":1,"location":null,"numPassingAsserts":1,"retryReasons":[],"status":"passed","title":"returns upcoming flag from REST payload"},{"ancestorTitles":["Launch — field resolvers (branch coverage)"],"duration":0,"failureDetails":[],"failureMessages":[],"fullName":"Launch — field resolvers (branch coverage) resolves rocket name when rocket field is a string id","invocations":1,"location":null,"numPassingAsserts":2,"retryReasons":[],"status":"passed","title":"resolves rocket name when rocket field is a string id"},{"ancestorTitles":["Launch — field resolvers (branch coverage)"],"duration":1,"failureDetails":[],"failureMessages":[],"fullName":"Launch — field resolvers (branch coverage) returns null rocket_name when rocket string id resolves to null","invocations":1,"location":null,"numPassingAsserts":2,"retryReasons":[],"status":"passed","title":"returns null rocket_name when rocket string id resolves to null"},{"ancestorTitles":["Launch — field resolvers (branch coverage)"],"duration":0,"failureDetails":[],"failureMessages":[],"fullName":"Launch — field resolvers (branch coverage) returns rocket object directly when rocket field is not a string","invocations":1,"location":null,"numPassingAsserts":2,"retryReasons":[],"status":"passed","title":"returns rocket object directly when rocket field is not a string"},{"ancestorTitles":["Launch — field resolvers (branch coverage)"],"duration":1,"failureDetails":[],"failureMessages":[],"fullName":"Launch — field resolvers (branch coverage) returns null ships when parent has no ships array","invocations":1,"location":null,"numPassingAsserts":1,"retryReasons":[],"status":"passed","title":"returns null ships when parent has no ships array"},{"ancestorTitles":["Launch — field resolvers (branch coverage)"],"duration":1,"failureDetails":[],"failureMessages":[],"fullName":"Launch — field resolvers (branch coverage) resolves each ship by id when parent.ships is populated","invocations":1,"location":null,"numPassingAsserts":2,"retryReasons":[],"status":"passed","title":"resolves each ship by id when parent.ships is populated"}],"endTime":1777741033921,"message":"","name":"/Users/zory/spacex/tests/unit/resolvers/launches.test.ts","startTime":1777741030769,"status":"passed","summary":""},{"assertionResults":[{"ancestorTitles":["🤖 Autonomous GraphQL QA System"],"duration":2,"failureDetails":[],"failureMessages":[],"fullName":"🤖 Autonomous GraphQL QA System runAutonomousQA — all resolvers mocked empty — reports zero HIGH severity anomalies","invocations":1,"location":null,"numPassingAsserts":2,"retryReasons":[],"status":"passed","title":"runAutonomousQA — all resolvers mocked empty — reports zero HIGH severity anomalies"},{"ancestorTitles":["🤖 Autonomous GraphQL QA System"],"duration":0,"failureDetails":[],"failureMessages":[],"fullName":"🤖 Autonomous GraphQL QA System generates a query for every resolver field with no uncovered gaps","invocations":1,"location":null,"numPassingAsserts":1,"retryReasons":[],"status":"passed","title":"generates a query for every resolver field with no uncovered gaps"},{"ancestorTitles":["Autonomous failure memory replay"],"duration":1,"failureDetails":[],"failureMessages":[],"fullName":"Autonomous failure memory replay has no persisted high severity failures to replay","invocations":1,"location":null,"numPassingAsserts":1,"retryReasons":[],"status":"passed","title":"has no persisted high severity failures to replay"}],"endTime":1777741033959,"message":"","name":"/Users/zory/spacex/tests/integration/autonomous.ai.qa.test.ts","startTime":1777741030762,"status":"passed","summary":""},{"assertionResults":[{"ancestorTitles":["Security — Complexity Limit"],"duration":22,"failureDetails":[],"failureMessages":[],"fullName":"Security — Complexity Limit allows a low-complexity query","invocations":1,"location":null,"numPassingAsserts":1,"retryReasons":[],"status":"passed","title":"allows a low-complexity query"},{"ancestorTitles":["Security — Complexity Limit"],"duration":2,"failureDetails":[],"failureMessages":[],"fullName":"Security — Complexity Limit blocks a query that exceeds the configured complexity limit","invocations":1,"location":null,"numPassingAsserts":2,"retryReasons":[],"status":"passed","title":"blocks a query that exceeds the configured complexity limit"},{"ancestorTitles":["Security — Depth Limit"],"duration":2,"failureDetails":[],"failureMessages":[],"fullName":"Security — Depth Limit allows a query within the depth limit","invocations":1,"location":null,"numPassingAsserts":1,"retryReasons":[],"status":"passed","title":"allows a query within the depth limit"},{"ancestorTitles":["Security — Depth Limit"],"duration":2,"failureDetails":[],"failureMessages":[],"fullName":"Security — Depth Limit blocks queries exceeding the maxDepth of 8","invocations":1,"location":null,"numPassingAsserts":2,"retryReasons":[],"status":"passed","title":"blocks queries exceeding the maxDepth of 8"},{"ancestorTitles":["Security — Depth Limit"],"duration":1,"failureDetails":[],"failureMessages":[],"fullName":"Security — Depth Limit blocks queries exceeding maxComplexity of 1000","invocations":1,"location":null,"numPassingAsserts":2,"retryReasons":[],"status":"passed","title":"blocks queries exceeding maxComplexity of 1000"},{"ancestorTitles":["Security — Introspection"],"duration":2,"failureDetails":[],"failureMessages":[],"fullName":"Security — Introspection allows introspection when enabled","invocations":1,"location":null,"numPassingAsserts":2,"retryReasons":[],"status":"passed","title":"allows introspection when enabled"},{"ancestorTitles":["Security — Introspection"],"duration":1,"failureDetails":[],"failureMessages":[],"fullName":"Security — Introspection blocks introspection when disabled","invocations":1,"location":null,"numPassingAsserts":1,"retryReasons":[],"status":"passed","title":"blocks introspection when disabled"},{"ancestorTitles":["Security — Introspection"],"duration":4,"failureDetails":[],"failureMessages":[],"fullName":"Security — Introspection rejects unknown fields regardless of introspection setting","invocations":1,"location":null,"numPassingAsserts":1,"retryReasons":[],"status":"passed","title":"rejects unknown fields regardless of introspection setting"}],"endTime":1777741033985,"message":"","name":"/Users/zory/spacex/tests/integration/security.test.ts","startTime":1777741030726,"status":"passed","summary":""},{"assertionResults":[{"ancestorTitles":["Error handling"],"duration":11,"failureDetails":[],"failureMessages":[],"fullName":"Error handling returns a GraphQL error for an unknown field","invocations":1,"location":null,"numPassingAsserts":2,"retryReasons":[],"status":"passed","title":"returns a GraphQL error for an unknown field"},{"ancestorTitles":["Error handling"],"duration":1,"failureDetails":[],"failureMessages":[],"fullName":"Error handling returns a GraphQL error for invalid syntax","invocations":1,"location":null,"numPassingAsserts":1,"retryReasons":[],"status":"passed","title":"returns a GraphQL error for invalid syntax"},{"ancestorTitles":["Error handling"],"duration":37,"failureDetails":[],"failureMessages":[],"fullName":"Error handling returns null data (not a thrown error) when a resolver returns null","invocations":1,"location":null,"numPassingAsserts":2,"retryReasons":[],"status":"passed","title":"returns null data (not a thrown error) when a resolver returns null"},{"ancestorTitles":["Error handling"],"duration":6,"failureDetails":[],"failureMessages":[],"fullName":"Error handling masks internal error message — raw cause does not reach the client","invocations":1,"location":null,"numPassingAsserts":2,"retryReasons":[],"status":"passed","title":"masks internal error message — raw cause does not reach the client"}],"endTime":1777741034156,"message":"","name":"/Users/zory/spacex/tests/integration/errors.test.ts","startTime":1777741033794,"status":"passed","summary":""},{"assertionResults":[{"ancestorTitles":["Integration: Launches Resolver Pipeline"],"duration":33,"failureDetails":[],"failureMessages":[],"fullName":"Integration: Launches Resolver Pipeline executes full Query -> Resolver -> Transformation flow","invocations":1,"location":null,"numPassingAsserts":3,"retryReasons":[],"status":"passed","title":"executes full Query -> Resolver -> Transformation flow"},{"ancestorTitles":["Integration: Launches Resolver Pipeline"],"duration":8,"failureDetails":[],"failureMessages":[],"fullName":"Integration: Launches Resolver Pipeline validates pagination filters through the server layer","invocations":1,"location":null,"numPassingAsserts":1,"retryReasons":[],"status":"passed","title":"validates pagination filters through the server layer"},{"ancestorTitles":["Integration: Launches Resolver Pipeline"],"duration":3,"failureDetails":[],"failureMessages":[],"fullName":"Integration: Launches Resolver Pipeline ensures partial failures do not crash the request","invocations":1,"location":null,"numPassingAsserts":1,"retryReasons":[],"status":"passed","title":"ensures partial failures do not crash the request"}],"endTime":1777741034176,"message":"","name":"/Users/zory/spacex/tests/integration/graphql.api.test.ts","startTime":1777741033833,"status":"passed","summary":""},{"assertionResults":[{"ancestorTitles":["Integration: N+1 Query Verification"],"duration":6,"failureDetails":[],"failureMessages":[],"fullName":"Integration: N+1 Query Verification ensures DataLoader/memoization batches requests for rockets across multiple launches","invocations":1,"location":null,"numPassingAsserts":3,"retryReasons":[],"status":"passed","title":"ensures DataLoader/memoization batches requests for rockets across multiple launches"}],"endTime":1777741034192,"message":"","name":"/Users/zory/spacex/tests/integration/nplusone.test.ts","startTime":1777741033870,"status":"passed","summary":""},{"assertionResults":[{"ancestorTitles":["🛡️ Security & Abuse Agent"],"duration":19,"failureDetails":[],"failureMessages":[],"fullName":"🛡️ Security & Abuse Agent rejects unknown fields (query injection attempt)","invocations":1,"location":null,"numPassingAsserts":1,"retryReasons":[],"status":"passed","title":"rejects unknown fields (query injection attempt)"},{"ancestorTitles":["🛡️ Security & Abuse Agent"],"duration":3,"failureDetails":[],"failureMessages":[],"fullName":"🛡️ Security & Abuse Agent verifies that mutations return Not Authorized","invocations":1,"location":null,"numPassingAsserts":2,"retryReasons":[],"status":"passed","title":"verifies that mutations return Not Authorized"}],"endTime":1777741034199,"message":"","name":"/Users/zory/spacex/tests/integration/autonomous.security.agent.test.ts","startTime":1777741033872,"status":"passed","summary":""},{"assertionResults":[{"ancestorTitles":["API"],"duration":1,"failureDetails":[],"failureMessages":[],"fullName":"API constructs with the correct base URL","invocations":1,"location":null,"numPassingAsserts":1,"retryReasons":[],"status":"passed","title":"constructs with the correct base URL"},{"ancestorTitles":["API"],"duration":34,"failureDetails":[],"failureMessages":[],"fullName":"API getLaunches — returns an array","invocations":1,"location":null,"numPassingAsserts":1,"retryReasons":[],"status":"passed","title":"getLaunches — returns an array"},{"ancestorTitles":["API"],"duration":7,"failureDetails":[],"failureMessages":[],"fullName":"API getPastLaunches — returns an array","invocations":1,"location":null,"numPassingAsserts":1,"retryReasons":[],"status":"passed","title":"getPastLaunches — returns an array"},{"ancestorTitles":["API"],"duration":4,"failureDetails":[],"failureMessages":[],"fullName":"API getUpcomingLaunchs — returns an array","invocations":1,"location":null,"numPassingAsserts":1,"retryReasons":[],"status":"passed","title":"getUpcomingLaunchs — returns an array"},{"ancestorTitles":["API"],"duration":2,"failureDetails":[],"failureMessages":[],"fullName":"API getRockets — returns an array","invocations":1,"location":null,"numPassingAsserts":1,"retryReasons":[],"status":"passed","title":"getRockets — returns an array"},{"ancestorTitles":["API"],"duration":5,"failureDetails":[],"failureMessages":[],"fullName":"API getCapsules — returns an array","invocations":1,"location":null,"numPassingAsserts":1,"retryReasons":[],"status":"passed","title":"getCapsules — returns an array"},{"ancestorTitles":["API"],"duration":4,"failureDetails":[],"failureMessages":[],"fullName":"API getCores — returns an array","invocations":1,"location":null,"numPassingAsserts":1,"retryReasons":[],"status":"passed","title":"getCores — returns an array"},{"ancestorTitles":["API"],"duration":3,"failureDetails":[],"failureMessages":[],"fullName":"API getDragons — returns an array","invocations":1,"location":null,"numPassingAsserts":1,"retryReasons":[],"status":"passed","title":"getDragons — returns an array"},{"ancestorTitles":["API"],"duration":2,"failureDetails":[],"failureMessages":[],"fullName":"API getHistoryEvents — returns an array","invocations":1,"location":null,"numPassingAsserts":1,"retryReasons":[],"status":"passed","title":"getHistoryEvents — returns an array"},{"ancestorTitles":["API"],"duration":1,"failureDetails":[],"failureMessages":[],"fullName":"API getLandpads — returns an array","invocations":1,"location":null,"numPassingAsserts":1,"retryReasons":[],"status":"passed","title":"getLandpads — returns an array"},{"ancestorTitles":["API"],"duration":2,"failureDetails":[],"failureMessages":[],"fullName":"API getLaunchPads — returns an array","invocations":1,"location":null,"numPassingAsserts":1,"retryReasons":[],"status":"passed","title":"getLaunchPads — returns an array"},{"ancestorTitles":["API"],"duration":5,"failureDetails":[],"failureMessages":[],"fullName":"API getShips — returns an array","invocations":1,"location":null,"numPassingAsserts":1,"retryReasons":[],"status":"passed","title":"getShips — returns an array"},{"ancestorTitles":["API"],"duration":2,"failureDetails":[],"failureMessages":[],"fullName":"API getPayloads — returns an array","invocations":1,"location":null,"numPassingAsserts":1,"retryReasons":[],"status":"passed","title":"getPayloads — returns an array"},{"ancestorTitles":["API"],"duration":2,"failureDetails":[],"failureMessages":[],"fullName":"API queryNextLaunch — returns an array","invocations":1,"location":null,"numPassingAsserts":1,"retryReasons":[],"status":"passed","title":"queryNextLaunch — returns an array"},{"ancestorTitles":["API"],"duration":7,"failureDetails":[],"failureMessages":[],"fullName":"API queryRocket — returns an array","invocations":1,"location":null,"numPassingAsserts":1,"retryReasons":[],"status":"passed","title":"queryRocket — returns an array"},{"ancestorTitles":["API"],"duration":1,"failureDetails":[],"failureMessages":[],"fullName":"API queryHistoryEvent — returns an array","invocations":1,"location":null,"numPassingAsserts":1,"retryReasons":[],"status":"passed","title":"queryHistoryEvent — returns an array"},{"ancestorTitles":["API"],"duration":2,"failureDetails":[],"failureMessages":[],"fullName":"API queryShips — returns an array","invocations":1,"location":null,"numPassingAsserts":1,"retryReasons":[],"status":"passed","title":"queryShips — returns an array"},{"ancestorTitles":["API"],"duration":1,"failureDetails":[],"failureMessages":[],"fullName":"API queryPayloads — returns an array","invocations":1,"location":null,"numPassingAsserts":1,"retryReasons":[],"status":"passed","title":"queryPayloads — returns an array"},{"ancestorTitles":["API"],"duration":1,"failureDetails":[],"failureMessages":[],"fullName":"API getLaunch returns a launch by id","invocations":1,"location":null,"numPassingAsserts":1,"retryReasons":[],"status":"passed","title":"getLaunch returns a launch by id"},{"ancestorTitles":["API"],"duration":0,"failureDetails":[],"failureMessages":[],"fullName":"API getLatestLaunch returns a single launch","invocations":1,"location":null,"numPassingAsserts":1,"retryReasons":[],"status":"passed","title":"getLatestLaunch returns a single launch"},{"ancestorTitles":["API"],"duration":1,"failureDetails":[],"failureMessages":[],"fullName":"API getNextLaunch returns a single launch","invocations":1,"location":null,"numPassingAsserts":1,"retryReasons":[],"status":"passed","title":"getNextLaunch returns a single launch"},{"ancestorTitles":["API"],"duration":2,"failureDetails":[],"failureMessages":[],"fullName":"API getRocket returns a rocket by id","invocations":1,"location":null,"numPassingAsserts":1,"retryReasons":[],"status":"passed","title":"getRocket returns a rocket by id"},{"ancestorTitles":["API"],"duration":1,"failureDetails":[],"failureMessages":[],"fullName":"API getCapsule returns a capsule by id","invocations":1,"location":null,"numPassingAsserts":1,"retryReasons":[],"status":"passed","title":"getCapsule returns a capsule by id"},{"ancestorTitles":["API"],"duration":6,"failureDetails":[],"failureMessages":[],"fullName":"API getCore returns a core by id","invocations":1,"location":null,"numPassingAsserts":1,"retryReasons":[],"status":"passed","title":"getCore returns a core by id"},{"ancestorTitles":["API"],"duration":2,"failureDetails":[],"failureMessages":[],"fullName":"API getDragon returns a dragon by id","invocations":1,"location":null,"numPassingAsserts":1,"retryReasons":[],"status":"passed","title":"getDragon returns a dragon by id"},{"ancestorTitles":["API"],"duration":2,"failureDetails":[],"failureMessages":[],"fullName":"API getHistoryEvent returns an event by id","invocations":1,"location":null,"numPassingAsserts":1,"retryReasons":[],"status":"passed","title":"getHistoryEvent returns an event by id"},{"ancestorTitles":["API"],"duration":1,"failureDetails":[],"failureMessages":[],"fullName":"API getLandpad returns a landpad by id","invocations":1,"location":null,"numPassingAsserts":1,"retryReasons":[],"status":"passed","title":"getLandpad returns a landpad by id"},{"ancestorTitles":["API"],"duration":1,"failureDetails":[],"failureMessages":[],"fullName":"API getLaunchPad returns a launchpad by id","invocations":1,"location":null,"numPassingAsserts":1,"retryReasons":[],"status":"passed","title":"getLaunchPad returns a launchpad by id"},{"ancestorTitles":["API"],"duration":1,"failureDetails":[],"failureMessages":[],"fullName":"API getShip returns a ship by id","invocations":1,"location":null,"numPassingAsserts":1,"retryReasons":[],"status":"passed","title":"getShip returns a ship by id"},{"ancestorTitles":["API"],"duration":4,"failureDetails":[],"failureMessages":[],"fullName":"API getPayload returns a payload by id","invocations":1,"location":null,"numPassingAsserts":1,"retryReasons":[],"status":"passed","title":"getPayload returns a payload by id"},{"ancestorTitles":["API"],"duration":2,"failureDetails":[],"failureMessages":[],"fullName":"API company returns an object","invocations":1,"location":null,"numPassingAsserts":1,"retryReasons":[],"status":"passed","title":"company returns an object"},{"ancestorTitles":["API"],"duration":8,"failureDetails":[],"failureMessages":[],"fullName":"API getRoadster returns an object","invocations":1,"location":null,"numPassingAsserts":1,"retryReasons":[],"status":"passed","title":"getRoadster returns an object"}],"endTime":1777741034235,"message":"","name":"/Users/zory/spacex/tests/integration/api.test.ts","startTime":1777741033885,"status":"passed","summary":""},{"assertionResults":[{"ancestorTitles":["⚡ Performance & Resilience Agent"],"duration":9,"failureDetails":[],"failureMessages":[],"fullName":"⚡ Performance & Resilience Agent resolves three concurrent queries in under 2000 ms (in-process, no network)","invocations":1,"location":null,"numPassingAsserts":1,"retryReasons":[],"status":"passed","title":"resolves three concurrent queries in under 2000 ms (in-process, no network)"},{"ancestorTitles":["⚡ Performance & Resilience Agent"],"duration":9,"failureDetails":[],"failureMessages":[],"fullName":"⚡ Performance & Resilience Agent handles 10 concurrent queries without errors","invocations":1,"location":null,"numPassingAsserts":20,"retryReasons":[],"status":"passed","title":"handles 10 concurrent queries without errors"},{"ancestorTitles":["⚡ Performance & Resilience Agent"],"duration":7,"failureDetails":[],"failureMessages":[],"fullName":"⚡ Performance & Resilience Agent each concurrent response contains the correct number of items","invocations":1,"location":null,"numPassingAsserts":5,"retryReasons":[],"status":"passed","title":"each concurrent response contains the correct number of items"}],"endTime":1777741034236,"message":"","name":"/Users/zory/spacex/tests/performance/query.load.test.ts","startTime":1777741033904,"status":"passed","summary":""},{"assertionResults":[{"ancestorTitles":["runAutonomousQA — writeMetrics path"],"duration":256,"failureDetails":[],"failureMessages":[],"fullName":"runAutonomousQA — writeMetrics path writes qa-metrics.json when writeMetrics is true","invocations":1,"location":null,"numPassingAsserts":1,"retryReasons":[],"status":"passed","title":"writes qa-metrics.json when writeMetrics is true"},{"ancestorTitles":["runAutonomousQA — writeMetrics path"],"duration":351,"failureDetails":[],"failureMessages":[],"fullName":"runAutonomousQA — writeMetrics path does not write qa-metrics.json when writeMetrics is false or omitted","invocations":1,"location":null,"numPassingAsserts":2,"retryReasons":[],"status":"passed","title":"does not write qa-metrics.json when writeMetrics is false or omitted"}],"endTime":1777741034254,"message":"","name":"/Users/zory/spacex/tests/unit/qa/runner.writemetrics.test.ts","startTime":1777741030765,"status":"passed","summary":""},{"assertionResults":[{"ancestorTitles":["CountriesService — getCountries"],"duration":16,"failureDetails":[],"failureMessages":[],"fullName":"CountriesService — getCountries returns all countries when no filter is applied","invocations":1,"location":null,"numPassingAsserts":1,"retryReasons":[],"status":"passed","title":"returns all countries when no filter is applied"},{"ancestorTitles":["CountriesService — getCountries"],"duration":27,"failureDetails":[],"failureMessages":[],"fullName":"CountriesService — getCountries each country has required scalar fields with correct types","invocations":1,"location":null,"numPassingAsserts":42,"retryReasons":[],"status":"passed","title":"each country has required scalar fields with correct types"},{"ancestorTitles":["CountriesService — getCountries"],"duration":1,"failureDetails":[],"failureMessages":[],"fullName":"CountriesService — getCountries each country has a continent with code and name","invocations":1,"location":null,"numPassingAsserts":18,"retryReasons":[],"status":"passed","title":"each country has a continent with code and name"},{"ancestorTitles":["CountriesService — getCountries"],"duration":2,"failureDetails":[],"failureMessages":[],"fullName":"CountriesService — getCountries each country has a languages array (may be empty)","invocations":1,"location":null,"numPassingAsserts":20,"retryReasons":[],"status":"passed","title":"each country has a languages array (may be empty)"},{"ancestorTitles":["CountriesService — getCountries"],"duration":3,"failureDetails":[],"failureMessages":[],"fullName":"CountriesService — getCountries each country has a currencies array (may be empty)","invocations":1,"location":null,"numPassingAsserts":6,"retryReasons":[],"status":"passed","title":"each country has a currencies array (may be empty)"},{"ancestorTitles":["CountriesService — getCountries"],"duration":2,"failureDetails":[],"failureMessages":[],"fullName":"CountriesService — getCountries each country has a states array (may be empty)","invocations":1,"location":null,"numPassingAsserts":6,"retryReasons":[],"status":"passed","title":"each country has a states array (may be empty)"},{"ancestorTitles":["CountriesService — getCountries"],"duration":1,"failureDetails":[],"failureMessages":[],"fullName":"CountriesService — getCountries countries with states populate code and name on each state","invocations":1,"location":null,"numPassingAsserts":5,"retryReasons":[],"status":"passed","title":"countries with states populate code and name on each state"},{"ancestorTitles":["CountriesService — getContinents"],"duration":1,"failureDetails":[],"failureMessages":[],"fullName":"CountriesService — getContinents returns all continents when no filter is applied","invocations":1,"location":null,"numPassingAsserts":1,"retryReasons":[],"status":"passed","title":"returns all continents when no filter is applied"},{"ancestorTitles":["CountriesService — getContinents"],"duration":1,"failureDetails":[],"failureMessages":[],"fullName":"CountriesService — getContinents each continent has code, name, and a countries array","invocations":1,"location":null,"numPassingAsserts":9,"retryReasons":[],"status":"passed","title":"each continent has code, name, and a countries array"},{"ancestorTitles":["CountriesService — getContinents"],"duration":0,"failureDetails":[],"failureMessages":[],"fullName":"CountriesService — getContinents each nested country stub has code and name","invocations":1,"location":null,"numPassingAsserts":12,"retryReasons":[],"status":"passed","title":"each nested country stub has code and name"},{"ancestorTitles":["CountriesService — getLanguages"],"duration":1,"failureDetails":[],"failureMessages":[],"fullName":"CountriesService — getLanguages returns all languages when no filter is applied","invocations":1,"location":null,"numPassingAsserts":1,"retryReasons":[],"status":"passed","title":"returns all languages when no filter is applied"},{"ancestorTitles":["CountriesService — getLanguages"],"duration":3,"failureDetails":[],"failureMessages":[],"fullName":"CountriesService — getLanguages each language has code, name, and native fields","invocations":1,"location":null,"numPassingAsserts":15,"retryReasons":[],"status":"passed","title":"each language has code, name, and native fields"},{"ancestorTitles":["CountriesService — filter operators"],"duration":1,"failureDetails":[],"failureMessages":[],"fullName":"CountriesService — filter operators eq: returns exactly the country matching the code","invocations":1,"location":null,"numPassingAsserts":3,"retryReasons":[],"status":"passed","title":"eq: returns exactly the country matching the code"},{"ancestorTitles":["CountriesService — filter operators"],"duration":1,"failureDetails":[],"failureMessages":[],"fullName":"CountriesService — filter operators ne: excludes the specified country code","invocations":1,"location":null,"numPassingAsserts":2,"retryReasons":[],"status":"passed","title":"ne: excludes the specified country code"},{"ancestorTitles":["CountriesService — filter operators"],"duration":1,"failureDetails":[],"failureMessages":[],"fullName":"CountriesService — filter operators in: returns only countries whose codes are in the set","invocations":1,"location":null,"numPassingAsserts":3,"retryReasons":[],"status":"passed","title":"in: returns only countries whose codes are in the set"},{"ancestorTitles":["CountriesService — filter operators"],"duration":0,"failureDetails":[],"failureMessages":[],"fullName":"CountriesService — filter operators nin: excludes countries whose codes are in the set","invocations":1,"location":null,"numPassingAsserts":3,"retryReasons":[],"status":"passed","title":"nin: excludes countries whose codes are in the set"},{"ancestorTitles":["CountriesService — filter operators"],"duration":1,"failureDetails":[],"failureMessages":[],"fullName":"CountriesService — filter operators regex: returns countries whose currency matches the pattern","invocations":1,"location":null,"numPassingAsserts":2,"retryReasons":[],"status":"passed","title":"regex: returns countries whose currency matches the pattern"},{"ancestorTitles":["CountriesService — filter operators"],"duration":0,"failureDetails":[],"failureMessages":[],"fullName":"CountriesService — filter operators continent in: returns only countries from specified continents","invocations":1,"location":null,"numPassingAsserts":2,"retryReasons":[],"status":"passed","title":"continent in: returns only countries from specified continents"},{"ancestorTitles":["CountriesService — filter operators"],"duration":0,"failureDetails":[],"failureMessages":[],"fullName":"CountriesService — filter operators continent nin: excludes countries from specified continents","invocations":1,"location":null,"numPassingAsserts":1,"retryReasons":[],"status":"passed","title":"continent nin: excludes countries from specified continents"},{"ancestorTitles":["CountriesService — filter operators"],"duration":1,"failureDetails":[],"failureMessages":[],"fullName":"CountriesService — filter operators continent filter on getContinents with eq returns the single matching continent","invocations":1,"location":null,"numPassingAsserts":3,"retryReasons":[],"status":"passed","title":"continent filter on getContinents with eq returns the single matching continent"},{"ancestorTitles":["CountriesService — filter operators"],"duration":0,"failureDetails":[],"failureMessages":[],"fullName":"CountriesService — filter operators language filter with eq returns the single matching language","invocations":1,"location":null,"numPassingAsserts":3,"retryReasons":[],"status":"passed","title":"language filter with eq returns the single matching language"},{"ancestorTitles":["CountriesService — filter operators"],"duration":1,"failureDetails":[],"failureMessages":[],"fullName":"CountriesService — filter operators empty in list returns no results","invocations":1,"location":null,"numPassingAsserts":1,"retryReasons":[],"status":"passed","title":"empty in list returns no results"},{"ancestorTitles":["CountriesService — currency consistency"],"duration":0,"failureDetails":[],"failureMessages":[],"fullName":"CountriesService — currency consistency single-currency country: currency string equals currencies[0]","invocations":1,"location":null,"numPassingAsserts":6,"retryReasons":[],"status":"passed","title":"single-currency country: currency string equals currencies[0]"},{"ancestorTitles":["CountriesService — currency consistency"],"duration":2,"failureDetails":[],"failureMessages":[],"fullName":"CountriesService — currency consistency multi-currency country: currency is a comma-separated string matching currencies array","invocations":1,"location":null,"numPassingAsserts":2,"retryReasons":[],"status":"passed","title":"multi-currency country: currency is a comma-separated string matching currencies array"},{"ancestorTitles":["CountriesService — currency consistency"],"duration":9,"failureDetails":[],"failureMessages":[],"fullName":"CountriesService — currency consistency currency comma-split matches currencies array exactly for Cuba (CUC,CUP)","invocations":1,"location":null,"numPassingAsserts":3,"retryReasons":[],"status":"passed","title":"currency comma-split matches currencies array exactly for Cuba (CUC,CUP)"},{"ancestorTitles":["CountriesService — currency consistency"],"duration":1,"failureDetails":[],"failureMessages":[],"fullName":"CountriesService — currency consistency all countries: currencies array length equals comma-segment count in currency string","invocations":1,"location":null,"numPassingAsserts":6,"retryReasons":[],"status":"passed","title":"all countries: currencies array length equals comma-segment count in currency string"},{"ancestorTitles":["CountriesService — error handling"],"duration":2,"failureDetails":[],"failureMessages":[],"fullName":"CountriesService — error handling throws when the API returns a GraphQL error","invocations":1,"location":null,"numPassingAsserts":1,"retryReasons":[],"status":"passed","title":"throws when the API returns a GraphQL error"},{"ancestorTitles":["CountriesService — error handling"],"duration":1,"failureDetails":[],"failureMessages":[],"fullName":"CountriesService — error handling throws when the API returns null data","invocations":1,"location":null,"numPassingAsserts":1,"retryReasons":[],"status":"passed","title":"throws when the API returns null data"}],"endTime":1777741034279,"message":"","name":"/Users/zory/spacex/tests/integration/countries.graphql.test.ts","startTime":1777741033924,"status":"passed","summary":""},{"assertionResults":[{"ancestorTitles":["Production Apollo server factory"],"duration":115,"failureDetails":[],"failureMessages":[],"fullName":"Production Apollo server factory disables introspection by default in production","invocations":1,"location":null,"numPassingAsserts":1,"retryReasons":[],"status":"passed","title":"disables introspection by default in production"},{"ancestorTitles":["Production Apollo server factory"],"duration":28,"failureDetails":[],"failureMessages":[],"fullName":"Production Apollo server factory applies production error formatting","invocations":1,"location":null,"numPassingAsserts":2,"retryReasons":[],"status":"passed","title":"applies production error formatting"}],"endTime":1777741034332,"message":"","name":"/Users/zory/spacex/tests/unit/utils/server-factory.test.ts","startTime":1777741033993,"status":"passed","summary":""},{"assertionResults":[{"ancestorTitles":["Query Depth Limiting"],"duration":22,"failureDetails":[],"failureMessages":[],"fullName":"Query Depth Limiting passes a shallow query (depth 2)","invocations":1,"location":null,"numPassingAsserts":1,"retryReasons":[],"status":"passed","title":"passes a shallow query (depth 2)"},{"ancestorTitles":["Query Depth Limiting"],"duration":5,"failureDetails":[],"failureMessages":[],"fullName":"Query Depth Limiting passes a query at the production depth limit (depth 7)","invocations":1,"location":null,"numPassingAsserts":1,"retryReasons":[],"status":"passed","title":"passes a query at the production depth limit (depth 7)"},{"ancestorTitles":["Query Depth Limiting"],"duration":41,"failureDetails":[],"failureMessages":[],"fullName":"Query Depth Limiting blocks a query that exceeds the configured depth limit","invocations":1,"location":null,"numPassingAsserts":2,"retryReasons":[],"status":"passed","title":"blocks a query that exceeds the configured depth limit"},{"ancestorTitles":["Query Depth Limiting"],"duration":5,"failureDetails":[],"failureMessages":[],"fullName":"Query Depth Limiting does not count introspection fields toward depth","invocations":1,"location":null,"numPassingAsserts":1,"retryReasons":[],"status":"passed","title":"does not count introspection fields toward depth"},{"ancestorTitles":["Query Depth Limiting"],"duration":66,"failureDetails":[],"failureMessages":[],"fullName":"Query Depth Limiting counts depth through inline fragments","invocations":1,"location":null,"numPassingAsserts":2,"retryReasons":[],"status":"passed","title":"counts depth through inline fragments"}],"endTime":1777741034397,"message":"","name":"/Users/zory/spacex/tests/unit/utils/depth-limit.test.ts","startTime":1777741033967,"status":"passed","summary":""},{"assertionResults":[{"ancestorTitles":["Response Shape Snapshots"],"duration":13,"failureDetails":[],"failureMessages":[],"fullName":"Response Shape Snapshots matches the snapshot for a complex launch query","invocations":1,"location":null,"numPassingAsserts":7,"retryReasons":[],"status":"passed","title":"matches the snapshot for a complex launch query"}],"endTime":1777741034466,"message":"","name":"/Users/zory/spacex/tests/unit/resolvers/snapshot.test.ts","startTime":1777741034208,"status":"passed","summary":""},{"assertionResults":[{"ancestorTitles":["E2E: Full GraphQL Flow"],"duration":21,"failureDetails":[],"failureMessages":[],"fullName":"E2E: Full GraphQL Flow executes a launches query end-to-end via MSW-intercepted REST API","invocations":1,"location":null,"numPassingAsserts":2,"retryReasons":[],"status":"passed","title":"executes a launches query end-to-end via MSW-intercepted REST API"},{"ancestorTitles":["E2E: Full GraphQL Flow"],"duration":6,"failureDetails":[],"failureMessages":[],"fullName":"E2E: Full GraphQL Flow returns null for an unknown launch id","invocations":1,"location":null,"numPassingAsserts":2,"retryReasons":[],"status":"passed","title":"returns null for an unknown launch id"}],"endTime":1777741034485,"message":"","name":"/Users/zory/spacex/tests/e2e/full.graphql.flow.test.ts","startTime":1777741034200,"status":"passed","summary":""},{"assertionResults":[{"ancestorTitles":["readFailureMemory"],"duration":0,"failureDetails":[],"failureMessages":[],"fullName":"readFailureMemory returns empty memory when the file does not exist","invocations":1,"location":null,"numPassingAsserts":1,"retryReasons":[],"status":"passed","title":"returns empty memory when the file does not exist"},{"ancestorTitles":["readFailureMemory"],"duration":0,"failureDetails":[],"failureMessages":[],"fullName":"readFailureMemory returns parsed memory when the file exists","invocations":1,"location":null,"numPassingAsserts":1,"retryReasons":[],"status":"passed","title":"returns parsed memory when the file exists"},{"ancestorTitles":["readFailureMemory"],"duration":0,"failureDetails":[],"failureMessages":[],"fullName":"readFailureMemory defaults missing buckets to empty arrays","invocations":1,"location":null,"numPassingAsserts":1,"retryReasons":[],"status":"passed","title":"defaults missing buckets to empty arrays"},{"ancestorTitles":["recordFailure — bucket routing"],"duration":0,"failureDetails":[],"failureMessages":[],"fullName":"recordFailure — bucket routing routes HIGH severity to failingQueries","invocations":1,"location":null,"numPassingAsserts":2,"retryReasons":[],"status":"passed","title":"routes HIGH severity to failingQueries"},{"ancestorTitles":["recordFailure — bucket routing"],"duration":0,"failureDetails":[],"failureMessages":[],"fullName":"recordFailure — bucket routing routes MEDIUM severity to slowQueries","invocations":1,"location":null,"numPassingAsserts":2,"retryReasons":[],"status":"passed","title":"routes MEDIUM severity to slowQueries"},{"ancestorTitles":["recordFailure — bucket routing"],"duration":0,"failureDetails":[],"failureMessages":[],"fullName":"recordFailure — bucket routing routes CRITICAL severity to failingQueries","invocations":1,"location":null,"numPassingAsserts":1,"retryReasons":[],"status":"passed","title":"routes CRITICAL severity to failingQueries"},{"ancestorTitles":["recordFailure — deduplication"],"duration":0,"failureDetails":[],"failureMessages":[],"fullName":"recordFailure — deduplication updates an existing entry instead of appending a duplicate","invocations":1,"location":null,"numPassingAsserts":2,"retryReasons":[],"status":"passed","title":"updates an existing entry instead of appending a duplicate"},{"ancestorTitles":["recordFailure — deduplication"],"duration":0,"failureDetails":[],"failureMessages":[],"fullName":"recordFailure — deduplication appends when the failure does not match any existing entry","invocations":1,"location":null,"numPassingAsserts":1,"retryReasons":[],"status":"passed","title":"appends when the failure does not match any existing entry"},{"ancestorTitles":["forgetFailure"],"duration":0,"failureDetails":[],"failureMessages":[],"fullName":"forgetFailure removes a matching HIGH failure from failingQueries","invocations":1,"location":null,"numPassingAsserts":1,"retryReasons":[],"status":"passed","title":"removes a matching HIGH failure from failingQueries"},{"ancestorTitles":["forgetFailure"],"duration":0,"failureDetails":[],"failureMessages":[],"fullName":"forgetFailure removes a matching MEDIUM failure from slowQueries","invocations":1,"location":null,"numPassingAsserts":1,"retryReasons":[],"status":"passed","title":"removes a matching MEDIUM failure from slowQueries"},{"ancestorTitles":["forgetFailure"],"duration":0,"failureDetails":[],"failureMessages":[],"fullName":"forgetFailure leaves non-matching failures untouched","invocations":1,"location":null,"numPassingAsserts":2,"retryReasons":[],"status":"passed","title":"leaves non-matching failures untouched"}],"endTime":1777741034493,"message":"","name":"/Users/zory/spacex/tests/unit/qa/coverage-agent.test.ts","startTime":1777741034403,"status":"passed","summary":""},{"assertionResults":[{"ancestorTitles":["Contract: Production Query Compliance"],"duration":9,"failureDetails":[],"failureMessages":[],"fullName":"Contract: Production Query Compliance should validate production query \"GetLaunches\" against the schema","invocations":1,"location":null,"numPassingAsserts":1,"retryReasons":[],"status":"passed","title":"should validate production query \"GetLaunches\" against the schema"}],"endTime":1777741034510,"message":"","name":"/Users/zory/spacex/tests/contract/query.compliance.test.ts","startTime":1777741034348,"status":"passed","summary":""},{"assertionResults":[{"ancestorTitles":["Server bootstrap"],"duration":26,"failureDetails":[],"failureMessages":[],"fullName":"Server bootstrap builds the subgraph schema without errors","invocations":1,"location":null,"numPassingAsserts":1,"retryReasons":[],"status":"passed","title":"builds the subgraph schema without errors"},{"ancestorTitles":["Server bootstrap"],"duration":41,"failureDetails":[],"failureMessages":[],"fullName":"Server bootstrap starts and stops an ApolloServer without errors","invocations":1,"location":null,"numPassingAsserts":1,"retryReasons":[],"status":"passed","title":"starts and stops an ApolloServer without errors"},{"ancestorTitles":["Server bootstrap"],"duration":34,"failureDetails":[],"failureMessages":[],"fullName":"Server bootstrap schema exposes Query type with at least one field","invocations":1,"location":null,"numPassingAsserts":2,"retryReasons":[],"status":"passed","title":"schema exposes Query type with at least one field"},{"ancestorTitles":["Server bootstrap"],"duration":24,"failureDetails":[],"failureMessages":[],"fullName":"Server bootstrap schema exposes the Launch type","invocations":1,"location":null,"numPassingAsserts":1,"retryReasons":[],"status":"passed","title":"schema exposes the Launch type"},{"ancestorTitles":["Server bootstrap"],"duration":1,"failureDetails":[],"failureMessages":[],"fullName":"Server bootstrap resolvers object is defined and non-empty","invocations":1,"location":null,"numPassingAsserts":2,"retryReasons":[],"status":"passed","title":"resolvers object is defined and non-empty"}],"endTime":1777741034511,"message":"","name":"/Users/zory/spacex/tests/unit/resolvers/repo.test.ts","startTime":1777741034165,"status":"passed","summary":""},{"assertionResults":[{"ancestorTitles":["Autonomous query generation"],"duration":1,"failureDetails":[],"failureMessages":[],"fullName":"Autonomous query generation generates queries for required-argument root fields","invocations":1,"location":null,"numPassingAsserts":1,"retryReasons":[],"status":"passed","title":"generates queries for required-argument root fields"},{"ancestorTitles":["Autonomous query generation"],"duration":18,"failureDetails":[],"failureMessages":[],"fullName":"Autonomous query generation generates only syntactically and schema-valid queries","invocations":1,"location":null,"numPassingAsserts":37,"retryReasons":[],"status":"passed","title":"generates only syntactically and schema-valid queries"},{"ancestorTitles":["Autonomous query generation"],"duration":0,"failureDetails":[],"failureMessages":[],"fullName":"Autonomous query generation selects multiple scalar fields per type, not just the first","invocations":1,"location":null,"numPassingAsserts":2,"retryReasons":[],"status":"passed","title":"selects multiple scalar fields per type, not just the first"},{"ancestorTitles":["Autonomous query generation"],"duration":1,"failureDetails":[],"failureMessages":[],"fullName":"Autonomous query generation covers every resolver field or records an explicit skip reason","invocations":1,"location":null,"numPassingAsserts":1,"retryReasons":[],"status":"passed","title":"covers every resolver field or records an explicit skip reason"}],"endTime":1777741034540,"message":"","name":"/Users/zory/spacex/tests/contract/query-generator.test.ts","startTime":1777741034254,"status":"passed","summary":""},{"assertionResults":[{"ancestorTitles":["Error Handling"],"duration":13,"failureDetails":[],"failureMessages":[],"fullName":"Error Handling handles invalid ID gracefully — returns null, not a thrown error","invocations":1,"location":null,"numPassingAsserts":2,"retryReasons":[],"status":"passed","title":"handles invalid ID gracefully — returns null, not a thrown error"},{"ancestorTitles":["Error Handling"],"duration":8,"failureDetails":[],"failureMessages":[],"fullName":"Error Handling captures upstream resolver errors in errors array without crashing the response","invocations":1,"location":null,"numPassingAsserts":3,"retryReasons":[],"status":"passed","title":"captures upstream resolver errors in errors array without crashing the response"}],"endTime":1777741034548,"message":"","name":"/Users/zory/spacex/tests/unit/utils/safety.errorHandling.test.ts","startTime":1777741034286,"status":"passed","summary":""},{"assertionResults":[{"ancestorTitles":["calculateQueryDepth"],"duration":1,"failureDetails":[],"failureMessages":[],"fullName":"calculateQueryDepth returns 1 for a single flat field","invocations":1,"location":null,"numPassingAsserts":1,"retryReasons":[],"status":"passed","title":"returns 1 for a single flat field"},{"ancestorTitles":["calculateQueryDepth"],"duration":0,"failureDetails":[],"failureMessages":[],"fullName":"calculateQueryDepth returns 2 for one level of nesting","invocations":1,"location":null,"numPassingAsserts":1,"retryReasons":[],"status":"passed","title":"returns 2 for one level of nesting"},{"ancestorTitles":["calculateQueryDepth"],"duration":0,"failureDetails":[],"failureMessages":[],"fullName":"calculateQueryDepth returns the deepest path when sibling branches have different depths","invocations":1,"location":null,"numPassingAsserts":1,"retryReasons":[],"status":"passed","title":"returns the deepest path when sibling branches have different depths"},{"ancestorTitles":["calculateQueryDepth"],"duration":0,"failureDetails":[],"failureMessages":[],"fullName":"calculateQueryDepth excludes introspection fields (__typename, __schema) from depth count","invocations":1,"location":null,"numPassingAsserts":2,"retryReasons":[],"status":"passed","title":"excludes introspection fields (__typename, __schema) from depth count"},{"ancestorTitles":["calculateQueryDepth"],"duration":1,"failureDetails":[],"failureMessages":[],"fullName":"calculateQueryDepth does not count an inline fragment itself as a depth level","invocations":1,"location":null,"numPassingAsserts":1,"retryReasons":[],"status":"passed","title":"does not count an inline fragment itself as a depth level"},{"ancestorTitles":["calculateQueryDepth"],"duration":0,"failureDetails":[],"failureMessages":[],"fullName":"calculateQueryDepth enters FragmentSpread branch without following the spread","invocations":1,"location":null,"numPassingAsserts":1,"retryReasons":[],"status":"passed","title":"enters FragmentSpread branch without following the spread"},{"ancestorTitles":["calculateQueryDepth"],"duration":0,"failureDetails":[],"failureMessages":[],"fullName":"calculateQueryDepth returns 0 for a document with no OperationDefinition","invocations":1,"location":null,"numPassingAsserts":1,"retryReasons":[],"status":"passed","title":"returns 0 for a document with no OperationDefinition"},{"ancestorTitles":["calculateQueryCost"],"duration":0,"failureDetails":[],"failureMessages":[],"fullName":"calculateQueryCost charges 4^1 = 4 per top-level field","invocations":1,"location":null,"numPassingAsserts":2,"retryReasons":[],"status":"passed","title":"charges 4^1 = 4 per top-level field"},{"ancestorTitles":["calculateQueryCost"],"duration":0,"failureDetails":[],"failureMessages":[],"fullName":"calculateQueryCost accumulates cost across sibling top-level fields","invocations":1,"location":null,"numPassingAsserts":1,"retryReasons":[],"status":"passed","title":"accumulates cost across sibling top-level fields"},{"ancestorTitles":["calculateQueryCost"],"duration":0,"failureDetails":[],"failureMessages":[],"fullName":"calculateQueryCost charges 4^2 = 16 for depth-2 fields","invocations":1,"location":null,"numPassingAsserts":1,"retryReasons":[],"status":"passed","title":"charges 4^2 = 16 for depth-2 fields"},{"ancestorTitles":["calculateQueryCost"],"duration":4,"failureDetails":[],"failureMessages":[],"fullName":"calculateQueryCost charges 4^3 = 64 for depth-3 fields","invocations":1,"location":null,"numPassingAsserts":1,"retryReasons":[],"status":"passed","title":"charges 4^3 = 64 for depth-3 fields"},{"ancestorTitles":["calculateQueryCost"],"duration":2,"failureDetails":[],"failureMessages":[],"fullName":"calculateQueryCost accumulates cost across multiple sibling fields at the same depth","invocations":1,"location":null,"numPassingAsserts":1,"retryReasons":[],"status":"passed","title":"accumulates cost across multiple sibling fields at the same depth"},{"ancestorTitles":["calculateQueryCost"],"duration":0,"failureDetails":[],"failureMessages":[],"fullName":"calculateQueryCost excludes introspection fields from cost","invocations":1,"location":null,"numPassingAsserts":2,"retryReasons":[],"status":"passed","title":"excludes introspection fields from cost"},{"ancestorTitles":["calculateQueryCost"],"duration":1,"failureDetails":[],"failureMessages":[],"fullName":"calculateQueryCost walks into inline fragment selections at the same depth (no extra cost)","invocations":1,"location":null,"numPassingAsserts":1,"retryReasons":[],"status":"passed","title":"walks into inline fragment selections at the same depth (no extra cost)"},{"ancestorTitles":["calculateQueryCost"],"duration":0,"failureDetails":[],"failureMessages":[],"fullName":"calculateQueryCost handles an inline fragment with no selectionSet gracefully","invocations":1,"location":null,"numPassingAsserts":1,"retryReasons":[],"status":"passed","title":"handles an inline fragment with no selectionSet gracefully"},{"ancestorTitles":["calculateQueryCost"],"duration":0,"failureDetails":[],"failureMessages":[],"fullName":"calculateQueryCost charges for every alias independently (guarding against alias explosion)","invocations":1,"location":null,"numPassingAsserts":1,"retryReasons":[],"status":"passed","title":"charges for every alias independently (guarding against alias explosion)"},{"ancestorTitles":["calculateQueryCost","depthLimitRule with introspection"],"duration":10,"failureDetails":[],"failureMessages":[],"fullName":"calculateQueryCost depthLimitRule with introspection should block queries that exceed the depth limit","invocations":1,"location":null,"numPassingAsserts":2,"retryReasons":[],"status":"passed","title":"should block queries that exceed the depth limit"},{"ancestorTitles":["calculateQueryCost","depthLimitRule with introspection"],"duration":0,"failureDetails":[],"failureMessages":[],"fullName":"calculateQueryCost depthLimitRule with introspection should block circular fragments that exceed depth","invocations":1,"location":null,"numPassingAsserts":2,"retryReasons":[],"status":"passed","title":"should block circular fragments that exceed depth"}],"endTime":1777741034548,"message":"","name":"/Users/zory/spacex/tests/unit/utils/complexity.test.ts","startTime":1777741034259,"status":"passed","summary":""},{"assertionResults":[{"ancestorTitles":["📋 Contract Agent — Schema Stability"],"duration":11,"failureDetails":[],"failureMessages":[],"fullName":"📋 Contract Agent — Schema Stability Query type exposes core resolver fields","invocations":1,"location":null,"numPassingAsserts":6,"retryReasons":[],"status":"passed","title":"Query type exposes core resolver fields"},{"ancestorTitles":["📋 Contract Agent — Schema Stability"],"duration":2,"failureDetails":[],"failureMessages":[],"fullName":"📋 Contract Agent — Schema Stability Launch type declares expected fields","invocations":1,"location":null,"numPassingAsserts":3,"retryReasons":[],"status":"passed","title":"Launch type declares expected fields"},{"ancestorTitles":["📋 Contract Agent — Schema Stability"],"duration":1,"failureDetails":[],"failureMessages":[],"fullName":"📋 Contract Agent — Schema Stability Rocket type declares expected fields","invocations":1,"location":null,"numPassingAsserts":3,"retryReasons":[],"status":"passed","title":"Rocket type declares expected fields"},{"ancestorTitles":["📋 Contract Agent — Schema Stability"],"duration":10,"failureDetails":[],"failureMessages":[],"fullName":"📋 Contract Agent — Schema Stability launchesPast resolver returns a list (contract shape)","invocations":1,"location":null,"numPassingAsserts":2,"retryReasons":[],"status":"passed","title":"launchesPast resolver returns a list (contract shape)"},{"ancestorTitles":["📋 Contract Agent — Schema Stability"],"duration":1,"failureDetails":[],"failureMessages":[],"fullName":"📋 Contract Agent — Schema Stability rockets resolver returns a list (contract shape)","invocations":1,"location":null,"numPassingAsserts":2,"retryReasons":[],"status":"passed","title":"rockets resolver returns a list (contract shape)"},{"ancestorTitles":["📋 Contract Agent — Schema Stability"],"duration":0,"failureDetails":[],"failureMessages":[],"fullName":"📋 Contract Agent — Schema Stability single-item resolvers accept an id argument without error","invocations":1,"location":null,"numPassingAsserts":1,"retryReasons":[],"status":"passed","title":"single-item resolvers accept an id argument without error"},{"ancestorTitles":["📋 Contract Agent — Schema Stability"],"duration":3,"failureDetails":[],"failureMessages":[],"fullName":"📋 Contract Agent — Schema Stability schema has no unknown types at the Query root","invocations":1,"location":null,"numPassingAsserts":39,"retryReasons":[],"status":"passed","title":"schema has no unknown types at the Query root"}],"endTime":1777741034557,"message":"","name":"/Users/zory/spacex/tests/contract/contract.agent.test.ts","startTime":1777741034242,"status":"passed","summary":""},{"assertionResults":[{"ancestorTitles":["Payload — Query resolvers"],"duration":5,"failureDetails":[],"failureMessages":[],"fullName":"Payload — Query resolvers payloads calls getPayloads when no find filter is provided","invocations":1,"location":null,"numPassingAsserts":4,"retryReasons":[],"status":"passed","title":"payloads calls getPayloads when no find filter is provided"},{"ancestorTitles":["Payload — Query resolvers"],"duration":9,"failureDetails":[],"failureMessages":[],"fullName":"Payload — Query resolvers payloads calls queryPayloads when a find filter is provided","invocations":1,"location":null,"numPassingAsserts":3,"retryReasons":[],"status":"passed","title":"payloads calls queryPayloads when a find filter is provided"},{"ancestorTitles":["Payload — Query resolvers"],"duration":2,"failureDetails":[],"failureMessages":[],"fullName":"Payload — Query resolvers payload(id) returns null when not found","invocations":1,"location":null,"numPassingAsserts":2,"retryReasons":[],"status":"passed","title":"payload(id) returns null when not found"},{"ancestorTitles":["Payload — Query resolvers"],"duration":1,"failureDetails":[],"failureMessages":[],"fullName":"Payload — Query resolvers payload(id) returns parsed payload when found","invocations":1,"location":null,"numPassingAsserts":3,"retryReasons":[],"status":"passed","title":"payload(id) returns parsed payload when found"},{"ancestorTitles":["Payload — Query resolvers"],"duration":0,"failureDetails":[],"failureMessages":[],"fullName":"Payload — Query resolvers uses payload_id as fallback id when id field is absent","invocations":1,"location":null,"numPassingAsserts":1,"retryReasons":[],"status":"passed","title":"uses payload_id as fallback id when id field is absent"},{"ancestorTitles":["Mission.payloads — via server (missions query path)"],"duration":3,"failureDetails":[],"failureMessages":[],"fullName":"Mission.payloads — via server (missions query path) fetches each payload by id when payload_ids is present","invocations":1,"location":null,"numPassingAsserts":2,"retryReasons":[],"status":"passed","title":"fetches each payload by id when payload_ids is present"},{"ancestorTitles":["Mission.payloads — via server (missions query path)"],"duration":4,"failureDetails":[],"failureMessages":[],"fullName":"Mission.payloads — via server (missions query path) returns null when payload_ids is absent from parent","invocations":1,"location":null,"numPassingAsserts":1,"retryReasons":[],"status":"passed","title":"returns null when payload_ids is absent from parent"},{"ancestorTitles":["Mission.payloads — direct resolver tests"],"duration":1,"failureDetails":[],"failureMessages":[],"fullName":"Mission.payloads — direct resolver tests returns null when parent has no payload_ids","invocations":1,"location":null,"numPassingAsserts":1,"retryReasons":[],"status":"passed","title":"returns null when parent has no payload_ids"},{"ancestorTitles":["Mission.payloads — direct resolver tests"],"duration":0,"failureDetails":[],"failureMessages":[],"fullName":"Mission.payloads — direct resolver tests returns null when payload_ids is not an array","invocations":1,"location":null,"numPassingAsserts":1,"retryReasons":[],"status":"passed","title":"returns null when payload_ids is not an array"},{"ancestorTitles":["Mission.payloads — direct resolver tests"],"duration":1,"failureDetails":[],"failureMessages":[],"fullName":"Mission.payloads — direct resolver tests fetches each payload by id and returns parsed results","invocations":1,"location":null,"numPassingAsserts":4,"retryReasons":[],"status":"passed","title":"fetches each payload by id and returns parsed results"}],"endTime":1777741034560,"message":"","name":"/Users/zory/spacex/tests/unit/resolvers/payloads.test.ts","startTime":1777741034188,"status":"passed","summary":""},{"assertionResults":[{"ancestorTitles":["fixtureLiteralForType — scalars"],"duration":0,"failureDetails":[],"failureMessages":[],"fullName":"fixtureLiteralForType — scalars returns \"qa-fixture\" for String","invocations":1,"location":null,"numPassingAsserts":1,"retryReasons":[],"status":"passed","title":"returns \"qa-fixture\" for String"},{"ancestorTitles":["fixtureLiteralForType — scalars"],"duration":0,"failureDetails":[],"failureMessages":[],"fullName":"fixtureLiteralForType — scalars returns \"qa-fixture-id\" for ID","invocations":1,"location":null,"numPassingAsserts":1,"retryReasons":[],"status":"passed","title":"returns \"qa-fixture-id\" for ID"},{"ancestorTitles":["fixtureLiteralForType — scalars"],"duration":0,"failureDetails":[],"failureMessages":[],"fullName":"fixtureLiteralForType — scalars returns 1 for Int","invocations":1,"location":null,"numPassingAsserts":1,"retryReasons":[],"status":"passed","title":"returns 1 for Int"},{"ancestorTitles":["fixtureLiteralForType — scalars"],"duration":0,"failureDetails":[],"failureMessages":[],"fullName":"fixtureLiteralForType — scalars returns 1.5 for Float","invocations":1,"location":null,"numPassingAsserts":1,"retryReasons":[],"status":"passed","title":"returns 1.5 for Float"},{"ancestorTitles":["fixtureLiteralForType — scalars"],"duration":1,"failureDetails":[],"failureMessages":[],"fullName":"fixtureLiteralForType — scalars returns true for Boolean","invocations":1,"location":null,"numPassingAsserts":1,"retryReasons":[],"status":"passed","title":"returns true for Boolean"},{"ancestorTitles":["fixtureLiteralForType — scalars"],"duration":0,"failureDetails":[],"failureMessages":[],"fullName":"fixtureLiteralForType — scalars returns a named placeholder for custom scalar types","invocations":1,"location":null,"numPassingAsserts":1,"retryReasons":[],"status":"passed","title":"returns a named placeholder for custom scalar types"},{"ancestorTitles":["fixtureLiteralForType — wrapper types"],"duration":0,"failureDetails":[],"failureMessages":[],"fullName":"fixtureLiteralForType — wrapper types unwraps NonNull and returns the inner fixture","invocations":1,"location":null,"numPassingAsserts":2,"retryReasons":[],"status":"passed","title":"unwraps NonNull and returns the inner fixture"},{"ancestorTitles":["fixtureLiteralForType — wrapper types"],"duration":0,"failureDetails":[],"failureMessages":[],"fullName":"fixtureLiteralForType — wrapper types wraps the inner fixture in brackets for List","invocations":1,"location":null,"numPassingAsserts":2,"retryReasons":[],"status":"passed","title":"wraps the inner fixture in brackets for List"},{"ancestorTitles":["fixtureLiteralForType — wrapper types"],"duration":0,"failureDetails":[],"failureMessages":[],"fullName":"fixtureLiteralForType — wrapper types handles NonNull wrapping a List","invocations":1,"location":null,"numPassingAsserts":1,"retryReasons":[],"status":"passed","title":"handles NonNull wrapping a List"},{"ancestorTitles":["fixtureLiteralForType — wrapper types"],"duration":0,"failureDetails":[],"failureMessages":[],"fullName":"fixtureLiteralForType — wrapper types handles List of NonNull items","invocations":1,"location":null,"numPassingAsserts":1,"retryReasons":[],"status":"passed","title":"handles List of NonNull items"},{"ancestorTitles":["fixtureLiteralForType — enum"],"duration":0,"failureDetails":[],"failureMessages":[],"fullName":"fixtureLiteralForType — enum returns the first enum value name","invocations":1,"location":null,"numPassingAsserts":1,"retryReasons":[],"status":"passed","title":"returns the first enum value name"},{"ancestorTitles":["fixtureLiteralForType — enum"],"duration":0,"failureDetails":[],"failureMessages":[],"fullName":"fixtureLiteralForType — enum handles a single-value enum","invocations":1,"location":null,"numPassingAsserts":1,"retryReasons":[],"status":"passed","title":"handles a single-value enum"},{"ancestorTitles":["fixtureLiteralForType — input object"],"duration":1,"failureDetails":[],"failureMessages":[],"fullName":"fixtureLiteralForType — input object returns an object literal with only required (NonNull) fields","invocations":1,"location":null,"numPassingAsserts":1,"retryReasons":[],"status":"passed","title":"returns an object literal with only required (NonNull) fields"},{"ancestorTitles":["fixtureLiteralForType — input object"],"duration":0,"failureDetails":[],"failureMessages":[],"fullName":"fixtureLiteralForType — input object returns an empty object literal when all fields are optional","invocations":1,"location":null,"numPassingAsserts":1,"retryReasons":[],"status":"passed","title":"returns an em
[...]
ject literal when all fields are optional"},{"ancestorTitles":["fixtureLiteralForType — input object"],"duration":0,"failureDetails":[],"failureMessages":[],"fullName":"fixtureLiteralForType — input object includes multiple required fields separated by commas","invocations":1,"location":null,"numPassingAsserts":1,"retryReasons":[],"status":"passed","title":"includes multiple required fields separated by commas"},{"ancestorTitles":["fixtureLiteralForType — input object"],"duration":0,"failureDetails":[],"failureMessages":[],"fullName":"fixtureLiteralForType — input object recurses into nested NonNull fields within an input object","invocations":1,"location":null,"numPassingAsserts":1,"retryReasons":[],"status":"passed","title":"recurses into nested NonNull fields within an input object"}],"endTime":1777741034569,"message":"","name":"/Users/zory/spacex/tests/unit/utils/argument-fixtures.test.ts","startTime":1777741034469,"status":"passed","summary":""},{"assertionResults":[{"ancestorTitles":["runAutonomousQA — anomaly recording path"],"duration":286,"failureDetails":[],"failureMessages":[],"fullName":"runAutonomousQA — anomaly recording path increments highSeverityAnomalies for EXECUTION_ERROR","invocations":1,"location":null,"numPassingAsserts":3,"retryReasons":[],"status":"passed","title":"increments highSeverityAnomalies for EXECUTION_ERROR"},{"ancestorTitles":["runAutonomousQA — anomaly recording path"],"duration":166,"failureDetails":[],"failureMessages":[],"fullName":"runAutonomousQA — anomaly recording path increments mediumSeverityAnomalies for LATENCY_THRESHOLD_EXCEEDED","invocations":1,"location":null,"numPassingAsserts":3,"retryReasons":[],"status":"passed","title":"increments mediumSeverityAnomalies for LATENCY_THRESHOLD_EXCEEDED"},{"ancestorTitles":["runAutonomousQA — anomaly recording path"],"duration":147,"failureDetails":[],"failureMessages":[],"fullName":"runAutonomousQA — anomaly recording path accumulates both severities independently","invocations":1,"location":null,"numPassingAsserts":3,"retryReasons":[],"status":"passed","title":"accumulates both severities independently"},{"ancestorTitles":["runAutonomousQA — anomaly recording path"],"duration":153,"failureDetails":[],"failureMessages":[],"fullName":"runAutonomousQA — anomaly recording path populates the anomalies array with correct severity and reason","invocations":1,"location":null,"numPassingAsserts":4,"retryReasons":[],"status":"passed","title":"populates the anomalies array with correct severity and reason"},{"ancestorTitles":["runAutonomousQA — anomaly recording path"],"duration":150,"failureDetails":[],"failureMessages":[],"fullName":"runAutonomousQA — anomaly recording path calls recordFailure once per detected anomaly with the correct severity","invocations":1,"location":null,"numPassingAsserts":3,"retryReasons":[],"status":"passed","title":"calls recordFailure once per detected anomaly with the correct severity"}],"endTime":1777741034574,"message":"","name":"/Users/zory/spacex/tests/unit/qa/runner.anomaly.test.ts","startTime":1777741030755,"status":"passed","summary":""},{"assertionResults":[{"ancestorTitles":["checkRateLimit"],"duration":0,"failureDetails":[],"failureMessages":[],"fullName":"checkRateLimit does not throw when the rate limiter returns null (request allowed)","invocations":1,"location":null,"numPassingAsserts":1,"retryReasons":[],"status":"passed","title":"does not throw when the rate limiter returns null (request allowed)"},{"ancestorTitles":["checkRateLimit"],"duration":1,"failureDetails":[],"failureMessages":[],"fullName":"checkRateLimit throws with the rate-limit message when the limiter blocks the request","invocations":1,"location":null,"numPassingAsserts":1,"retryReasons":[],"status":"passed","title":"throws with the rate-limit message when the limiter blocks the request"},{"ancestorTitles":["checkRateLimit"],"duration":1,"failureDetails":[],"failureMessages":[],"fullName":"checkRateLimit passes max:100 window:1m config to the limiter","invocations":1,"location":null,"numPassingAsserts":1,"retryReasons":[],"status":"passed","title":"passes max:100 window:1m config to the limiter"},{"ancestorTitles":["checkRateLimit","identifyContext — fallback chain"],"duration":0,"failureDetails":[],"failureMessages":[],"fullName":"checkRateLimit identifyContext — fallback chain uses apiKey when present","invocations":1,"location":null,"numPassingAsserts":1,"retryReasons":[],"status":"passed","title":"uses apiKey when present"},{"ancestorTitles":["checkRateLimit","identifyContext — fallback chain"],"duration":0,"failureDetails":[],"failureMessages":[],"fullName":"checkRateLimit identifyContext — fallback chain falls back to ip when apiKey is absent","invocations":1,"location":null,"numPassingAsserts":1,"retryReasons":[],"status":"passed","title":"falls back to ip when apiKey is absent"},{"ancestorTitles":["checkRateLimit","identifyContext — fallback chain"],"duration":0,"failureDetails":[],"failureMessages":[],"fullName":"checkRateLimit identifyContext — fallback chain falls back to x-forwarded-for header when apiKey and ip are absent","invocations":1,"location":null,"numPassingAsserts":1,"retryReasons":[],"status":"passed","title":"falls back to x-forwarded-for header when apiKey and ip are absent"},{"ancestorTitles":["checkRateLimit","identifyContext — fallback chain"],"duration":0,"failureDetails":[],"failureMessages":[],"fullName":"checkRateLimit identifyContext — fallback chain falls back to \"anonymous\" when no identifying context is available","invocations":1,"location":null,"numPassingAsserts":1,"retryReasons":[],"status":"passed","title":"falls back to \"anonymous\" when no identifying context is available"}],"endTime":1777741034589,"message":"","name":"/Users/zory/spacex/tests/unit/utils/rate-limit.test.ts","startTime":1777741034537,"status":"passed","summary":""},{"assertionResults":[{"ancestorTitles":["generateQueries — skippedFields path"],"duration":0,"failureDetails":[],"failureMessages":[],"fullName":"generateQueries — skippedFields path records a field in skippedFields when no scalar is reachable within two levels","invocations":1,"location":null,"numPassingAsserts":1,"retryReasons":[],"status":"passed","title":"records a field in skippedFields when no scalar is reachable within two levels"},{"ancestorTitles":["generateQueries — skippedFields path"],"duration":1,"failureDetails":[],"failureMessages":[],"fullName":"generateQueries — skippedFields path does not generate a query for the skipped field","invocations":1,"location":null,"numPassingAsserts":1,"retryReasons":[],"status":"passed","title":"does not generate a query for the skipped field"},{"ancestorTitles":["generateQueries — skippedFields path"],"duration":0,"failureDetails":[],"failureMessages":[],"fullName":"generateQueries — skippedFields path still generates queries for fields that have reachable scalars","invocations":1,"location":null,"numPassingAsserts":1,"retryReasons":[],"status":"passed","title":"still generates queries for fields that have reachable scalars"},{"ancestorTitles":["generateQueries — skippedFields path"],"duration":0,"failureDetails":[],"failureMessages":[],"fullName":"generateQueries — skippedFields path returns empty queries and skippedFields when schema has no Query type","invocations":1,"location":null,"numPassingAsserts":2,"retryReasons":[],"status":"passed","title":"returns empty queries and skippedFields when schema has no Query type"}],"endTime":1777741034605,"message":"","name":"/Users/zory/spacex/tests/unit/qa/query-generator.skip.test.ts","startTime":1777741034495,"status":"passed","summary":""},{"assertionResults":[{"ancestorTitles":["detectAnomaly"],"duration":0,"failureDetails":[],"failureMessages":[],"fullName":"detectAnomaly returns null when fast and no error","invocations":1,"location":null,"numPassingAsserts":1,"retryReasons":[],"status":"passed","title":"returns null when fast and no error"},{"ancestorTitles":["detectAnomaly"],"duration":0,"failureDetails":[],"failureMessages":[],"fullName":"detectAnomaly returns LATENCY_THRESHOLD_EXCEEDED when duration exceeds threshold","invocations":1,"location":null,"numPassingAsserts":1,"retryReasons":[],"status":"passed","title":"returns LATENCY_THRESHOLD_EXCEEDED when duration exceeds threshold"},{"ancestorTitles":["detectAnomaly"],"duration":1,"failureDetails":[],"failureMessages":[],"fullName":"detectAnomaly returns EXECUTION_ERROR when fast but hasError is true","invocations":1,"location":null,"numPassingAsserts":1,"retryReasons":[],"status":"passed","title":"returns EXECUTION_ERROR when fast but hasError is true"},{"ancestorTitles":["detectAnomaly"],"duration":0,"failureDetails":[],"failureMessages":[],"fullName":"detectAnomaly latency takes priority over execution error when both conditions are true","invocations":1,"location":null,"numPassingAsserts":1,"retryReasons":[],"status":"passed","title":"latency takes priority over execution error when both conditions are true"},{"ancestorTitles":["detectAnomaly"],"duration":0,"failureDetails":[],"failureMessages":[],"fullName":"detectAnomaly respects QA_LATENCY_THRESHOLD env override","invocations":1,"location":null,"numPassingAsserts":2,"retryReasons":[],"status":"passed","title":"respects QA_LATENCY_THRESHOLD env override"},{"ancestorTitles":["detectAnomaly"],"duration":0,"failureDetails":[],"failureMessages":[],"fullName":"detectAnomaly returns null exactly at threshold boundary (not strictly greater)","invocations":1,"location":null,"numPassingAsserts":1,"retryReasons":[],"status":"passed","title":"returns null exactly at threshold boundary (not strictly greater)"}],"endTime":1777741034609,"message":"","name":"/Users/zory/spacex/tests/unit/qa/anomaly-agent.test.ts","startTime":1777741034518,"status":"passed","summary":""},{"assertionResults":[{"ancestorTitles":["applyLimitOffset"],"duration":0,"failureDetails":[],"failureMessages":[],"fullName":"applyLimitOffset returns all items when limit and offset are omitted","invocations":1,"location":null,"numPassingAsserts":1,"retryReasons":[],"status":"passed","title":"returns all items when limit and offset are omitted"},{"ancestorTitles":["applyLimitOffset"],"duration":1,"failureDetails":[],"failureMessages":[],"fullName":"applyLimitOffset limits to the first N items","invocations":1,"location":null,"numPassingAsserts":1,"retryReasons":[],"status":"passed","title":"limits to the first N items"},{"ancestorTitles":["applyLimitOffset"],"duration":0,"failureDetails":[],"failureMessages":[],"fullName":"applyLimitOffset skips items according to offset","invocations":1,"location":null,"numPassingAsserts":1,"retryReasons":[],"status":"passed","title":"skips items according to offset"},{"ancestorTitles":["applyLimitOffset"],"duration":0,"failureDetails":[],"failureMessages":[],"fullName":"applyLimitOffset applies limit and offset together (page 2 of 3)","invocations":1,"location":null,"numPassingAsserts":1,"retryReasons":[],"status":"passed","title":"applies limit and offset together (page 2 of 3)"},{"ancestorTitles":["applyLimitOffset"],"duration":0,"failureDetails":[],"failureMessages":[],"fullName":"applyLimitOffset returns empty array when offset exceeds data length","invocations":1,"location":null,"numPassingAsserts":1,"retryReasons":[],"status":"passed","title":"returns empty array when offset exceeds data length"},{"ancestorTitles":["applyLimitOffset"],"duration":0,"failureDetails":[],"failureMessages":[],"fullName":"applyLimitOffset returns empty array when limit is 0","invocations":1,"location":null,"numPassingAsserts":1,"retryReasons":[],"status":"passed","title":"returns empty array when limit is 0"},{"ancestorTitles":["applyLimitOffset"],"duration":1,"failureDetails":[],"failureMessages":[],"fullName":"applyLimitOffset throws on negative limit","invocations":1,"location":null,"numPassingAsserts":1,"retryReasons":[],"status":"passed","title":"throws on negative limit"},{"ancestorTitles":["applyLimitOffset"],"duration":0,"failureDetails":[],"failureMessages":[],"fullName":"applyLimitOffset throws on negative offset","invocations":1,"location":null,"numPassingAsserts":1,"retryReasons":[],"status":"passed","title":"throws on negative offset"}],"endTime":1777741034608,"message":"","name":"/Users/zory/spacex/tests/unit/services/limit-offset-service.test.ts","startTime":1777741034549,"status":"passed","summary":""},{"assertionResults":[{"ancestorTitles":["parseShip"],"duration":1,"failureDetails":[],"failureMessages":[],"fullName":"parseShip maps ship_id → id, ship_name → name, ship_type → type","invocations":1,"location":null,"numPassingAsserts":3,"retryReasons":[],"status":"passed","title":"maps ship_id → id, ship_name → name, ship_type → type"},{"ancestorTitles":["parseShip"],"duration":0,"failureDetails":[],"failureMessages":[],"fullName":"parseShip derives weight_lbs from weight_kg when lbs is absent","invocations":1,"location":null,"numPassingAsserts":1,"retryReasons":[],"status":"passed","title":"derives weight_lbs from weight_kg when lbs is absent"},{"ancestorTitles":["parseShip"],"duration":0,"failureDetails":[],"failureMessages":[],"fullName":"parseShip corrects an inconsistent weight_lbs using weight_kg","invocations":1,"location":null,"numPassingAsserts":1,"retryReasons":[],"status":"passed","title":"corrects an inconsistent weight_lbs using weight_kg"},{"ancestorTitles":["parseShip"],"duration":0,"failureDetails":[],"failureMessages":[],"fullName":"parseShip keeps provided weight_lbs when it agrees with weight_kg within 1%","invocations":1,"location":null,"numPassingAsserts":1,"retryReasons":[],"status":"passed","title":"keeps provided weight_lbs when it agrees with weight_kg within 1%"},{"ancestorTitles":["parseLaunchpad"],"duration":0,"failureDetails":[],"failureMessages":[],"fullName":"parseLaunchpad maps full_name → name and removes padid and full_name","invocations":1,"location":null,"numPassingAsserts":3,"retryReasons":[],"status":"passed","title":"maps full_name → name and removes padid and full_name"},{"ancestorTitles":["parseMissions"],"duration":0,"failureDetails":[],"failureMessages":[],"fullName":"parseMissions maps mission_id → id and mission_name → name","invocations":1,"location":null,"numPassingAsserts":2,"retryReasons":[],"status":"passed","title":"maps mission_id → id and mission_name → name"},{"ancestorTitles":["parsePayloadObj"],"duration":0,"failureDetails":[],"failureMessages":[],"fullName":"parsePayloadObj prefers id over payload_id","invocations":1,"location":null,"numPassingAsserts":1,"retryReasons":[],"status":"passed","title":"prefers id over payload_id"},{"ancestorTitles":["parsePayloadObj"],"duration":0,"failureDetails":[],"failureMessages":[],"fullName":"parsePayloadObj falls back to payload_id when id is absent","invocations":1,"location":null,"numPassingAsserts":1,"retryReasons":[],"status":"passed","title":"falls back to payload_id when id is absent"},{"ancestorTitles":["parsePayloads"],"duration":0,"failureDetails":[],"failureMessages":[],"fullName":"parsePayloads returns all payloads when query is empty","invocations":1,"location":null,"numPassingAsserts":1,"retryReasons":[],"status":"passed","title":"returns all payloads when query is empty"},{"ancestorTitles":["parsePayloads"],"duration":0,"failureDetails":[],"failureMessages":[],"fullName":"parsePayloads returns an empty array when data has no launches","invocations":1,"location":null,"numPassingAsserts":1,"retryReasons":[],"status":"passed","title":"returns an empty array when data has no launches"},{"ancestorTitles":["parsePayloads"],"duration":0,"failureDetails":[],"failureMessages":[],"fullName":"parsePayloads skips launches with no rocket.second_stage.payloads","invocations":1,"location":null,"numPassingAsserts":1,"retryReasons":[],"status":"passed","title":"skips launches with no rocket.second_stage.payloads"},{"ancestorTitles":["parsePayloads"],"duration":0,"failureDetails":[],"failureMessages":[],"fullName":"parsePayloads filters payloads to those matching all query fields","invocations":1,"location":null,"numPassingAsserts":2,"retryReasons":[],"status":"passed","title":"filters payloads to those matching all query fields"},{"ancestorTitles":["parsePayloads"],"duration":0,"failureDetails":[],"failureMessages":[],"fullName":"parsePayloads excludes payloads that partially match the query","invocations":1,"location":null,"numPassingAsserts":1,"retryReasons":[],"status":"passed","title":"excludes payloads that partially match the query"},{"ancestorTitles":["parsePayloads"],"duration":0,"failureDetails":[],"failureMessages":[],"fullName":"parsePayloads accumulates payloads across multiple launches","invocations":1,"location":null,"numPassingAsserts":1,"retryReasons":[],"status":"passed","title":"accumulates payloads across multiple launches"},{"ancestorTitles":["parsePayload"],"duration":0,"failureDetails":[],"failureMessages":[],"fullName":"parsePayload returns null when launch is null","invocations":1,"location":null,"numPassingAsserts":1,"retryReasons":[],"status":"passed","title":"returns null when launch is null"},{"ancestorTitles":["parsePayload"],"duration":0,"failureDetails":[],"failureMessages":[],"fullName":"parsePayload returns the payload matching payload_id at index 0","invocations":1,"location":null,"numPassingAsserts":1,"retryReasons":[],"status":"passed","title":"returns the payload matching payload_id at index 0"},{"ancestorTitles":["parsePayload"],"duration":0,"failureDetails":[],"failureMessages":[],"fullName":"parsePayload returns the correct payload when the match is not at index 0","invocations":1,"location":null,"numPassingAsserts":2,"retryReasons":[],"status":"passed","title":"returns the correct payload when the match is not at index 0"},{"ancestorTitles":["parsePayload"],"duration":0,"failureDetails":[],"failureMessages":[],"fullName":"parsePayload falls back to payload_id field when id is absent","invocations":1,"location":null,"numPassingAsserts":1,"retryReasons":[],"status":"passed","title":"falls back to payload_id field when id is absent"}],"endTime":1777741034622,"message":"","name":"/Users/zory/spacex/tests/unit/services/parse-service.test.ts","startTime":1777741034509,"status":"passed","summary":""},{"assertionResults":[{"ancestorTitles":["CountriesService — latency"],"duration":2,"failureDetails":[],"failureMessages":[],"fullName":"CountriesService — latency resolves getCountries with all nested fields in under 500 ms","invocations":1,"location":null,"numPassingAsserts":2,"retryReasons":[],"status":"passed","title":"resolves getCountries with all nested fields in under 500 ms"},{"ancestorTitles":["CountriesService — latency"],"duration":2,"failureDetails":[],"failureMessages":[],"fullName":"CountriesService — latency resolves getCountries with a large dataset (250 countries) in under 1000 ms","invocations":1,"location":null,"numPassingAsserts":2,"retryReasons":[],"status":"passed","title":"resolves getCountries with a large dataset (250 countries) in under 1000 ms"},{"ancestorTitles":["CountriesService — latency"],"duration":2,"failureDetails":[],"failureMessages":[],"fullName":"CountriesService — latency resolves 10 concurrent getCountries calls within 2000 ms","invocations":1,"location":null,"numPassingAsserts":12,"retryReasons":[],"status":"passed","title":"resolves 10 concurrent getCountries calls within 2000 ms"},{"ancestorTitles":["CountriesService — latency"],"duration":1,"failureDetails":[],"failureMessages":[],"fullName":"CountriesService — latency resolves concurrent filtered queries (getContinents + getLanguages + getCountries) within 1500 ms","invocations":1,"location":null,"numPassingAsserts":4,"retryReasons":[],"status":"passed","title":"resolves concurrent filtered queries (getContinents + getLanguages + getCountries) within 1500 ms"}],"endTime":1777741034669,"message":"","name":"/Users/zory/spacex/tests/performance/countries.load.test.ts","startTime":1777741034551,"status":"passed","summary":""}],"wasInterrupted":false}
